<?xml version="1.0" encoding="UTF-8"?>
<testsuites>
  <testsuite name="Application Test Suite" tests="18" assertions="120" failures="0" errors="1" time="10.099885">
    <testsuite name="AcachaAdminLTELaravelTest" file="/home/manel/Code/laravel/todosBackend/tests/AcachaAdminLTELaravelTest.php" tests="15" assertions="60" failures="0" errors="0" time="8.103303">
      <testcase name="testLandingPage" class="AcachaAdminLTELaravelTest" file="/home/manel/Code/laravel/todosBackend/tests/AcachaAdminLTELaravelTest.php" line="43" assertions="4" time="0.398606"/>
      <testcase name="testLandingPageWithUserLogged" class="AcachaAdminLTELaravelTest" file="/home/manel/Code/laravel/todosBackend/tests/AcachaAdminLTELaravelTest.php" line="56" assertions="5" time="0.445396"/>
      <testcase name="testLoginPage" class="AcachaAdminLTELaravelTest" file="/home/manel/Code/laravel/todosBackend/tests/AcachaAdminLTELaravelTest.php" line="73" assertions="2" time="0.333595"/>
      <testcase name="testLogin" class="AcachaAdminLTELaravelTest" file="/home/manel/Code/laravel/todosBackend/tests/AcachaAdminLTELaravelTest.php" line="84" assertions="6" time="0.731427"/>
      <testcase name="testLoginRequiredFields" class="AcachaAdminLTELaravelTest" file="/home/manel/Code/laravel/todosBackend/tests/AcachaAdminLTELaravelTest.php" line="101" assertions="5" time="0.435666"/>
      <testcase name="testRegisterPage" class="AcachaAdminLTELaravelTest" file="/home/manel/Code/laravel/todosBackend/tests/AcachaAdminLTELaravelTest.php" line="116" assertions="2" time="0.399266"/>
      <testcase name="testPasswordResetPage" class="AcachaAdminLTELaravelTest" file="/home/manel/Code/laravel/todosBackend/tests/AcachaAdminLTELaravelTest.php" line="127" assertions="2" time="0.395630"/>
      <testcase name="testHomePageForUnauthenticatedUsers" class="AcachaAdminLTELaravelTest" file="/home/manel/Code/laravel/todosBackend/tests/AcachaAdminLTELaravelTest.php" line="138" assertions="4" time="0.450015"/>
      <testcase name="testHomePageForAuthenticatedUsers" class="AcachaAdminLTELaravelTest" file="/home/manel/Code/laravel/todosBackend/tests/AcachaAdminLTELaravelTest.php" line="149" assertions="2" time="0.573053"/>
      <testcase name="testLogout" class="AcachaAdminLTELaravelTest" file="/home/manel/Code/laravel/todosBackend/tests/AcachaAdminLTELaravelTest.php" line="163" assertions="6" time="0.729773"/>
      <testcase name="test404Page" class="AcachaAdminLTELaravelTest" file="/home/manel/Code/laravel/todosBackend/tests/AcachaAdminLTELaravelTest.php" line="180" assertions="2" time="0.483488"/>
      <testcase name="testNewUserRegistration" class="AcachaAdminLTELaravelTest" file="/home/manel/Code/laravel/todosBackend/tests/AcachaAdminLTELaravelTest.php" line="192" assertions="6" time="0.716571"/>
      <testcase name="testRequiredFieldsOnRegistrationPage" class="AcachaAdminLTELaravelTest" file="/home/manel/Code/laravel/todosBackend/tests/AcachaAdminLTELaravelTest.php" line="211" assertions="6" time="0.594407"/>
      <testcase name="testSendPasswordReset" class="AcachaAdminLTELaravelTest" file="/home/manel/Code/laravel/todosBackend/tests/AcachaAdminLTELaravelTest.php" line="225" assertions="4" time="0.774342"/>
      <testcase name="testSendPasswordResetUserNotExists" class="AcachaAdminLTELaravelTest" file="/home/manel/Code/laravel/todosBackend/tests/AcachaAdminLTELaravelTest.php" line="240" assertions="4" time="0.642068"/>
    </testsuite>
    <testsuite name="TasksApiTest" file="/home/manel/Code/laravel/todosBackend/tests/TasksApiTest.php" tests="3" assertions="60" failures="0" errors="1" time="1.996581">
      <testcase name="testRetrieveAllTasks" class="TasksApiTest" file="/home/manel/Code/laravel/todosBackend/tests/TasksApiTest.php" line="105" assertions="50" time="0.735419"/>
      <testcase name="testRetrieveOneTask" class="TasksApiTest" file="/home/manel/Code/laravel/todosBackend/tests/TasksApiTest.php" line="144" assertions="10" time="0.615778"/>
      <testcase name="testCreateNewTask" class="TasksApiTest" file="/home/manel/Code/laravel/todosBackend/tests/TasksApiTest.php" line="162" assertions="0" time="0.645384">
        <error type="PHPUnit_Framework_ExceptionWrapper">TasksApiTest::testCreateNewTask
ErrorException: Invalid argument supplied for foreach()

/home/manel/Code/laravel/todosBackend/vendor/laravel/framework/src/Illuminate/Support/Arr.php:480
/home/manel/Code/laravel/todosBackend/vendor/laravel/framework/src/Illuminate/Foundation/Testing/Concerns/MakesHttpRequests.php:297
/home/manel/Code/laravel/todosBackend/vendor/laravel/framework/src/Illuminate/Foundation/Testing/Concerns/MakesHttpRequests.php:323
/home/manel/Code/laravel/todosBackend/tests/TasksApiTest.php:169
/home/manel/.composer/vendor/phpunit/phpunit/src/TextUI/Command.php:185
/home/manel/.composer/vendor/phpunit/phpunit/src/TextUI/Command.php:115
</error>
      </testcase>
    </testsuite>
  </testsuite>
</testsuites>
